<?xml version="1.0" encoding="UTF-8"?>
<!-- Generated by org.testng.reporters.JUnitXMLReporter -->
<testsuite ignored="0" hostname="Zinnun" failures="0" tests="8" name="Default test" time="18.742" errors="0" timestamp="2022-06-19T12:04:30 BDT">
  <testcase classname="com.restfulbooker.testcases.TA0001_GET_getAllBookings" name="checkContentEncoding" time="0.071"/>
  <testcase classname="com.restfulbooker.testcases.TA0001_GET_getAllBookings" name="checkResponseBody" time="9.438"/>
  <testcase classname="com.restfulbooker.testcases.TA0001_GET_getAllBookings" name="checkResponseTime" time="0.019"/>
  <testcase classname="com.restfulbooker.testcases.TA0001_GET_getAllBookings" name="checkServer" time="0.005"/>
  <testcase classname="com.restfulbooker.testcases.TA0001_GET_getAllBookings" name="checkStatusCode" time="0.004"/>
  <testcase classname="com.restfulbooker.testcases.TA0001_GET_getAllBookings" name="checkStatusLine" time="0.002"/>
  <testcase classname="com.restfulbooker.testcases.TA0001_GET_getAllBookings" name="getAllHeaders" time="0.006"/>
  <testcase classname="com.restfulbooker.testcases.TA0001_GET_getAllBookings" name="tearDown" time="0.002"/>
</testsuite> <!-- Default test -->
