<?xml version="1.0" encoding="UTF-8"?>
<!-- Generated by org.testng.reporters.JUnitXMLReporter -->
<testsuite hostname="Zinnun" ignored="0" name="Default test" tests="4" failures="0" timestamp="2022-01-29T16:44:07 BDT" time="9.019" errors="0">
  <testcase name="postNewEmployees" time="3.205" classname="TestCases.TA0005_DataDrivenTest_AddNewEmployee"/>
  <testcase name="postNewEmployees" time="1.807" classname="TestCases.TA0005_DataDrivenTest_AddNewEmployee"/>
  <testcase name="postNewEmployees" time="1.635" classname="TestCases.TA0005_DataDrivenTest_AddNewEmployee"/>
  <testcase name="postNewEmployees" time="1.74" classname="TestCases.TA0005_DataDrivenTest_AddNewEmployee"/>
</testsuite> <!-- Default test -->
