<?xml version="1.0" encoding="UTF-8"?>
<!-- Generated by org.testng.reporters.JUnitXMLReporter -->
<testsuite ignored="0" hostname="Zinnun" failures="1" tests="24" name="RestfulBooker" time="53.919" errors="0" timestamp="2022-06-08T12:31:53 BDT">
  <testcase classname="com.restfulbooker.testcases.TA0002_GET_getBookingDetails" name="@BeforeClass getBookingDetails" time="-1.654669913637E9">
    <failure type="org.testng.TestNGException" message="
Can inject only one of &amp;lt;ITestContext, XmlTest&amp;gt; into a @BeforeClass annotated getBookingDetails.
For more information on native dependency injection please refer to https://testng.org/doc/documentation-main.html#native-dependency-injection">
      <![CDATA[org.testng.TestNGException: 
Can inject only one of <ITestContext, XmlTest> into a @BeforeClass annotated getBookingDetails.
For more information on native dependency injection please refer to https://testng.org/doc/documentation-main.html#native-dependency-injection
at java.base/java.util.ArrayList.forEach(ArrayList.java:1541)
... Removed 22 stack frames]]>
    </failure>
  </testcase> <!-- @BeforeClass getBookingDetails -->
  <testcase classname="com.restfulbooker.testcases.TA0001_GET_getAllBookings" name="checkContentEncoding" time="0.008"/>
  <testcase classname="com.restfulbooker.testcases.TA0001_GET_getAllBookings" name="checkResponseBody" time="35.849"/>
  <testcase classname="com.restfulbooker.testcases.TA0001_GET_getAllBookings" name="checkResponseTime" time="0.007"/>
  <testcase classname="com.restfulbooker.testcases.TA0001_GET_getAllBookings" name="checkServer" time="0.002"/>
  <testcase classname="com.restfulbooker.testcases.TA0001_GET_getAllBookings" name="checkStatusCode" time="0.001"/>
  <testcase classname="com.restfulbooker.testcases.TA0001_GET_getAllBookings" name="checkStatusLine" time="0.001"/>
  <testcase classname="com.restfulbooker.testcases.TA0001_GET_getAllBookings" name="getAllHeaders" time="0.003"/>
  <testcase classname="com.restfulbooker.testcases.TA0003_POST_createBooking" name="checkBookingID" time="0.617"/>
  <testcase classname="com.restfulbooker.testcases.TA0003_POST_createBooking" name="checkContentEncoding" time="0.002"/>
  <testcase classname="com.restfulbooker.testcases.TA0003_POST_createBooking" name="checkResponseBody" time="0.002"/>
  <testcase classname="com.restfulbooker.testcases.TA0003_POST_createBooking" name="checkResponseTime" time="0.001"/>
  <testcase classname="com.restfulbooker.testcases.TA0003_POST_createBooking" name="checkServer" time="0.001"/>
  <testcase classname="com.restfulbooker.testcases.TA0003_POST_createBooking" name="checkStatusCode" time="0.002"/>
  <testcase classname="com.restfulbooker.testcases.TA0003_POST_createBooking" name="checkStatusLine" time="0.001"/>
  <testcase classname="com.restfulbooker.testcases.TA0003_POST_createBooking" name="getAllHeaders" time="0.001"/>
  <testcase classname="com.restfulbooker.testcases.TA0002_GET_getBookingDetails" name="checkContentEncoding" time="0.0">
    <skipped/>
  </testcase> <!-- checkContentEncoding -->
  <testcase classname="com.restfulbooker.testcases.TA0002_GET_getBookingDetails" name="checkResponseBody" time="0.0">
    <skipped/>
  </testcase> <!-- checkResponseBody -->
  <testcase classname="com.restfulbooker.testcases.TA0002_GET_getBookingDetails" name="checkResponseTime" time="0.0">
    <skipped/>
  </testcase> <!-- checkResponseTime -->
  <testcase classname="com.restfulbooker.testcases.TA0002_GET_getBookingDetails" name="checkServer" time="0.0">
    <skipped/>
  </testcase> <!-- checkServer -->
  <testcase classname="com.restfulbooker.testcases.TA0002_GET_getBookingDetails" name="checkStatusCode" time="0.0">
    <skipped/>
  </testcase> <!-- checkStatusCode -->
  <testcase classname="com.restfulbooker.testcases.TA0002_GET_getBookingDetails" name="checkStatusLine" time="0.0">
    <skipped/>
  </testcase> <!-- checkStatusLine -->
  <testcase classname="com.restfulbooker.testcases.TA0002_GET_getBookingDetails" name="getAllHeaders" time="0.0">
    <skipped/>
  </testcase> <!-- getAllHeaders -->
  <testcase classname="com.restfulbooker.testcases.TA0002_GET_getBookingDetails" name="getBookingDetails" time="0.0">
    <failure type="org.testng.TestNGException" message="
Method void com.restfulbooker.testcases.TA0002_GET_getBookingDetails.getBookingDetails(int) requires a @DataProvider named : bookingIdProvider">
      <![CDATA[org.testng.TestNGException: 
Method void com.restfulbooker.testcases.TA0002_GET_getBookingDetails.getBookingDetails(int) requires a @DataProvider named : bookingIdProvider
at java.base/java.util.ArrayList.forEach(ArrayList.java:1541)
... Removed 24 stack frames]]>
    </failure>
  </testcase> <!-- getBookingDetails -->
  <testcase classname="com.restfulbooker.testcases.TA0002_GET_getBookingDetails" name="getEveryDetails" time="0.0">
    <skipped/>
  </testcase> <!-- getEveryDetails -->
</testsuite> <!-- RestfulBooker -->
