<?xml version="1.0" encoding="UTF-8"?>
<testng-results ignored="0" total="8" passed="8" failed="0" skipped="0">
  <reporter-output>
  </reporter-output>
  <suite started-at="2022-06-09T12:09:26 BDT" name="Default suite" finished-at="2022-06-09T12:09:30 BDT" duration-ms="4197">
    <groups>
    </groups>
    <test started-at="2022-06-09T12:09:26 BDT" name="Default test" finished-at="2022-06-09T12:09:30 BDT" duration-ms="4197">
      <class name="com.restfulbooker.testcases.TC0008_createToken">
        <test-method is-config="true" signature="setup()[pri:0, instance:com.restfulbooker.testcases.TC0008_createToken@6babf3bf]" started-at="2022-06-09T12:09:26 BDT" name="setup" finished-at="2022-06-09T12:09:26 BDT" duration-ms="100" status="PASS">
          <reporter-output>
          </reporter-output>
        </test-method> <!-- setup -->
        <test-method is-config="true" signature="createToken()[pri:0, instance:com.restfulbooker.testcases.TC0008_createToken@6babf3bf]" started-at="2022-06-09T12:09:26 BDT" name="createToken" finished-at="2022-06-09T12:09:30 BDT" duration-ms="4013" status="PASS">
          <reporter-output>
          </reporter-output>
        </test-method> <!-- createToken -->
        <test-method signature="checkContentEncoding()[pri:0, instance:com.restfulbooker.testcases.TC0008_createToken@6babf3bf]" started-at="2022-06-09T12:09:30 BDT" name="checkContentEncoding" finished-at="2022-06-09T12:09:30 BDT" duration-ms="9" status="PASS">
          <reporter-output>
          </reporter-output>
        </test-method> <!-- checkContentEncoding -->
        <test-method signature="checkResponseBody()[pri:0, instance:com.restfulbooker.testcases.TC0008_createToken@6babf3bf]" started-at="2022-06-09T12:09:30 BDT" name="checkResponseBody" finished-at="2022-06-09T12:09:30 BDT" duration-ms="15" status="PASS">
          <reporter-output>
          </reporter-output>
        </test-method> <!-- checkResponseBody -->
        <test-method signature="checkResponseTime()[pri:0, instance:com.restfulbooker.testcases.TC0008_createToken@6babf3bf]" started-at="2022-06-09T12:09:30 BDT" name="checkResponseTime" finished-at="2022-06-09T12:09:30 BDT" duration-ms="9" status="PASS">
          <reporter-output>
          </reporter-output>
        </test-method> <!-- checkResponseTime -->
        <test-method signature="checkServer()[pri:0, instance:com.restfulbooker.testcases.TC0008_createToken@6babf3bf]" started-at="2022-06-09T12:09:30 BDT" name="checkServer" finished-at="2022-06-09T12:09:30 BDT" duration-ms="2" status="PASS">
          <reporter-output>
          </reporter-output>
        </test-method> <!-- checkServer -->
        <test-method signature="checkStatusCode()[pri:0, instance:com.restfulbooker.testcases.TC0008_createToken@6babf3bf]" started-at="2022-06-09T12:09:30 BDT" name="checkStatusCode" finished-at="2022-06-09T12:09:30 BDT" duration-ms="3" status="PASS">
          <reporter-output>
          </reporter-output>
        </test-method> <!-- checkStatusCode -->
        <test-method signature="checkStatusLine()[pri:0, instance:com.restfulbooker.testcases.TC0008_createToken@6babf3bf]" started-at="2022-06-09T12:09:30 BDT" name="checkStatusLine" finished-at="2022-06-09T12:09:30 BDT" duration-ms="2" status="PASS">
          <reporter-output>
          </reporter-output>
        </test-method> <!-- checkStatusLine -->
        <test-method signature="getAllHeaders()[pri:0, instance:com.restfulbooker.testcases.TC0008_createToken@6babf3bf]" started-at="2022-06-09T12:09:30 BDT" name="getAllHeaders" finished-at="2022-06-09T12:09:30 BDT" duration-ms="4" status="PASS">
          <reporter-output>
          </reporter-output>
        </test-method> <!-- getAllHeaders -->
        <test-method signature="tearDown()[pri:0, instance:com.restfulbooker.testcases.TC0008_createToken@6babf3bf]" started-at="2022-06-09T12:09:30 BDT" name="tearDown" finished-at="2022-06-09T12:09:30 BDT" duration-ms="1" status="PASS">
          <reporter-output>
          </reporter-output>
        </test-method> <!-- tearDown -->
      </class> <!-- com.restfulbooker.testcases.TC0008_createToken -->
    </test> <!-- Default test -->
  </suite> <!-- Default suite -->
</testng-results>
