<?xml version="1.0" encoding="UTF-8"?>
<testng-results ignored="0" total="1" passed="1" failed="0" skipped="0">
  <reporter-output>
  </reporter-output>
  <suite started-at="2022-06-01T20:23:18 BDT" name="Default suite" finished-at="2022-06-01T20:23:21 BDT" duration-ms="3542">
    <groups>
    </groups>
    <test started-at="2022-06-01T20:23:18 BDT" name="Default test" finished-at="2022-06-01T20:23:21 BDT" duration-ms="3542">
      <class name="TestCases.TC0008_BasicAuth">
        <test-method signature="auth()[pri:0, instance:TestCases.TC0008_BasicAuth@7671cb68]" started-at="2022-06-01T20:23:18 BDT" name="auth" finished-at="2022-06-01T20:23:21 BDT" duration-ms="3510" status="PASS">
          <reporter-output>
          </reporter-output>
        </test-method> <!-- auth -->
      </class> <!-- TestCases.TC0008_BasicAuth -->
    </test> <!-- Default test -->
  </suite> <!-- Default suite -->
</testng-results>
